<?xml version="1.0" encoding="UTF-8"?>
<robot generator="Robot 6.1 (Python 3.11.4 on win32)" generated="20231101 15:26:30.963" rpa="false" schemaversion="4">
<suite id="s1" name="Alterarinfo" source="C:\Users\thiag\OneDrive\Documentos\GitHub\testeprime\TestePrimeWeb\alterarinfo.robot">
<test id="s1-t1" name="Realizar Alteracao de Informacoes do Cadastro" line="10">
<kw name="Login" library="common_keywords">
<kw name="Create Webdriver" library="SeleniumLibrary">
<arg>${BROWSER}</arg>
<doc>Creates an instance of Selenium WebDriver.</doc>
<msg timestamp="20231101 15:26:31.517" level="INFO">Creating an instance of the Edge WebDriver.</msg>
<status status="PASS" starttime="20231101 15:26:31.517" endtime="20231101 15:26:32.930"/>
</kw>
<kw name="Maximize Browser Window" library="SeleniumLibrary">
<doc>Maximizes current browser window.</doc>
<status status="PASS" starttime="20231101 15:26:32.930" endtime="20231101 15:26:33.060"/>
</kw>
<kw name="Go To" library="SeleniumLibrary">
<arg>${URL}</arg>
<doc>Navigates the current browser window to the provided ``url``.</doc>
<msg timestamp="20231101 15:26:33.061" level="INFO">Opening url 'https://opensource-demo.orangehrmlive.com/web/index.php/auth/login'</msg>
<status status="PASS" starttime="20231101 15:26:33.061" endtime="20231101 15:26:44.638"/>
</kw>
<kw name="Wait Until Element Is Visible" library="SeleniumLibrary">
<arg>//h5[contains(.,'Login')]</arg>
<doc>Waits until the element ``locator`` is visible.</doc>
<status status="PASS" starttime="20231101 15:26:44.638" endtime="20231101 15:26:45.377"/>
</kw>
<kw name="Input Text" library="SeleniumLibrary">
<arg>//input[@name='username']</arg>
<arg>${USERNAME}</arg>
<doc>Types the given ``text`` into the text field identified by ``locator``.</doc>
<msg timestamp="20231101 15:26:45.378" level="INFO">Typing text 'Admin' into text field '//input[@name='username']'.</msg>
<status status="PASS" starttime="20231101 15:26:45.377" endtime="20231101 15:26:45.540"/>
</kw>
<kw name="Input Password" library="SeleniumLibrary">
<arg>//input[@name='password']</arg>
<arg>${PASSWORD}</arg>
<doc>Types the given password into the text field identified by ``locator``.</doc>
<msg timestamp="20231101 15:26:45.540" level="INFO">Typing password into text field '//input[@name='password']'.</msg>
<msg timestamp="20231101 15:26:45.605" level="INFO">Temporally setting log level to: NONE</msg>
<msg timestamp="20231101 15:26:45.696" level="INFO">Log level changed from NONE to INFO.</msg>
<status status="PASS" starttime="20231101 15:26:45.540" endtime="20231101 15:26:45.696"/>
</kw>
<kw name="Click Button" library="SeleniumLibrary">
<arg>//button[@type='submit'][contains(.,'Login')]</arg>
<doc>Clicks the button identified by ``locator``.</doc>
<msg timestamp="20231101 15:26:45.698" level="INFO">Clicking button '//button[@type='submit'][contains(.,'Login')]'.</msg>
<status status="PASS" starttime="20231101 15:26:45.698" endtime="20231101 15:26:45.808"/>
</kw>
<kw name="Wait Until Element Is Visible" library="SeleniumLibrary">
<arg>//a[contains(.,'My Info')]</arg>
<doc>Waits until the element ``locator`` is visible.</doc>
<status status="PASS" starttime="20231101 15:26:45.808" endtime="20231101 15:26:47.923"/>
</kw>
<status status="PASS" starttime="20231101 15:26:31.517" endtime="20231101 15:26:47.923"/>
</kw>
<kw name="My Info" library="common_keywords">
<kw name="Click Element" library="SeleniumLibrary">
<arg>//a[contains(.,'My Info')]</arg>
<doc>Click the element identified by ``locator``.</doc>
<msg timestamp="20231101 15:26:47.924" level="INFO">Clicking element '//a[contains(.,'My Info')]'.</msg>
<status status="PASS" starttime="20231101 15:26:47.923" endtime="20231101 15:26:49.634"/>
</kw>
<kw name="Wait Until Element Is Visible" library="SeleniumLibrary">
<arg>//input[@name='firstName']</arg>
<doc>Waits until the element ``locator`` is visible.</doc>
<status status="PASS" starttime="20231101 15:26:49.634" endtime="20231101 15:26:50.176"/>
</kw>
<kw name="Sleep" library="BuiltIn">
<arg>4s</arg>
<doc>Pauses the test executed for the given time.</doc>
<msg timestamp="20231101 15:26:54.176" level="INFO">Slept 4 seconds</msg>
<status status="PASS" starttime="20231101 15:26:50.176" endtime="20231101 15:26:54.176"/>
</kw>
<status status="PASS" starttime="20231101 15:26:47.923" endtime="20231101 15:26:54.176"/>
</kw>
<kw name="Limpar Campos" library="common_keywords">
<kw name="Press Keys" library="SeleniumLibrary">
<arg>//input[@name='firstName']</arg>
<arg>${DELETE}</arg>
<doc>Simulates the user pressing key(s) to an element or on the active browser.</doc>
<msg timestamp="20231101 15:26:54.177" level="INFO">Sending key(s) ('BACKSPACE+BACKSPACE+BACKSPACE+BACKSPACE+BACKSPACE+BACKSPACE+BACKSPACE+BACKSPACE+BACKSPACE+BACKSPACE+BACKSPACE+BACKSPACE+BACKSPACE+BACKSPACE+BACKSPACE+BACKSPACE+BACKSPACE+BACKSPACE+BACKSPACE+BACKSPACE',) to //input[@name='firstName'] element.</msg>
<msg timestamp="20231101 15:26:54.458" level="INFO">Pressing special key BACKSPACE down.</msg>
<msg timestamp="20231101 15:26:54.458" level="INFO">Pressing special key BACKSPACE down.</msg>
<msg timestamp="20231101 15:26:54.458" level="INFO">Pressing special key BACKSPACE down.</msg>
<msg timestamp="20231101 15:26:54.458" level="INFO">Pressing special key BACKSPACE down.</msg>
<msg timestamp="20231101 15:26:54.458" level="INFO">Pressing special key BACKSPACE down.</msg>
<msg timestamp="20231101 15:26:54.458" level="INFO">Pressing special key BACKSPACE down.</msg>
<msg timestamp="20231101 15:26:54.458" level="INFO">Pressing special key BACKSPACE down.</msg>
<msg timestamp="20231101 15:26:54.458" level="INFO">Pressing special key BACKSPACE down.</msg>
<msg timestamp="20231101 15:26:54.458" level="INFO">Pressing special key BACKSPACE down.</msg>
<msg timestamp="20231101 15:26:54.458" level="INFO">Pressing special key BACKSPACE down.</msg>
<msg timestamp="20231101 15:26:54.458" level="INFO">Pressing special key BACKSPACE down.</msg>
<msg timestamp="20231101 15:26:54.458" level="INFO">Pressing special key BACKSPACE down.</msg>
<msg timestamp="20231101 15:26:54.458" level="INFO">Pressing special key BACKSPACE down.</msg>
<msg timestamp="20231101 15:26:54.458" level="INFO">Pressing special key BACKSPACE down.</msg>
<msg timestamp="20231101 15:26:54.458" level="INFO">Pressing special key BACKSPACE down.</msg>
<msg timestamp="20231101 15:26:54.458" level="INFO">Pressing special key BACKSPACE down.</msg>
<msg timestamp="20231101 15:26:54.458" level="INFO">Pressing special key BACKSPACE down.</msg>
<msg timestamp="20231101 15:26:54.458" level="INFO">Pressing special key BACKSPACE down.</msg>
<msg timestamp="20231101 15:26:54.458" level="INFO">Pressing special key BACKSPACE down.</msg>
<msg timestamp="20231101 15:26:54.458" level="INFO">Pressing special key BACKSPACE down.</msg>
<msg timestamp="20231101 15:26:54.458" level="INFO">Releasing special key BACKSPACE.</msg>
<msg timestamp="20231101 15:26:54.459" level="INFO">Releasing special key BACKSPACE.</msg>
<msg timestamp="20231101 15:26:54.459" level="INFO">Releasing special key BACKSPACE.</msg>
<msg timestamp="20231101 15:26:54.459" level="INFO">Releasing special key BACKSPACE.</msg>
<msg timestamp="20231101 15:26:54.459" level="INFO">Releasing special key BACKSPACE.</msg>
<msg timestamp="20231101 15:26:54.459" level="INFO">Releasing special key BACKSPACE.</msg>
<msg timestamp="20231101 15:26:54.459" level="INFO">Releasing special key BACKSPACE.</msg>
<msg timestamp="20231101 15:26:54.459" level="INFO">Releasing special key BACKSPACE.</msg>
<msg timestamp="20231101 15:26:54.459" level="INFO">Releasing special key BACKSPACE.</msg>
<msg timestamp="20231101 15:26:54.459" level="INFO">Releasing special key BACKSPACE.</msg>
<msg timestamp="20231101 15:26:54.459" level="INFO">Releasing special key BACKSPACE.</msg>
<msg timestamp="20231101 15:26:54.459" level="INFO">Releasing special key BACKSPACE.</msg>
<msg timestamp="20231101 15:26:54.459" level="INFO">Releasing special key BACKSPACE.</msg>
<msg timestamp="20231101 15:26:54.459" level="INFO">Releasing special key BACKSPACE.</msg>
<msg timestamp="20231101 15:26:54.459" level="INFO">Releasing special key BACKSPACE.</msg>
<msg timestamp="20231101 15:26:54.459" level="INFO">Releasing special key BACKSPACE.</msg>
<msg timestamp="20231101 15:26:54.459" level="INFO">Releasing special key BACKSPACE.</msg>
<msg timestamp="20231101 15:26:54.459" level="INFO">Releasing special key BACKSPACE.</msg>
<msg timestamp="20231101 15:26:54.459" level="INFO">Releasing special key BACKSPACE.</msg>
<msg timestamp="20231101 15:26:54.459" level="INFO">Releasing special key BACKSPACE.</msg>
<status status="PASS" starttime="20231101 15:26:54.176" endtime="20231101 15:26:54.526"/>
</kw>
<kw name="Press Keys" library="SeleniumLibrary">
<arg>//input[@name='middleName']</arg>
<arg>${DELETE}</arg>
<doc>Simulates the user pressing key(s) to an element or on the active browser.</doc>
<msg timestamp="20231101 15:26:54.527" level="INFO">Sending key(s) ('BACKSPACE+BACKSPACE+BACKSPACE+BACKSPACE+BACKSPACE+BACKSPACE+BACKSPACE+BACKSPACE+BACKSPACE+BACKSPACE+BACKSPACE+BACKSPACE+BACKSPACE+BACKSPACE+BACKSPACE+BACKSPACE+BACKSPACE+BACKSPACE+BACKSPACE+BACKSPACE',) to //input[@name='middleName'] element.</msg>
<msg timestamp="20231101 15:26:54.816" level="INFO">Pressing special key BACKSPACE down.</msg>
<msg timestamp="20231101 15:26:54.816" level="INFO">Pressing special key BACKSPACE down.</msg>
<msg timestamp="20231101 15:26:54.816" level="INFO">Pressing special key BACKSPACE down.</msg>
<msg timestamp="20231101 15:26:54.816" level="INFO">Pressing special key BACKSPACE down.</msg>
<msg timestamp="20231101 15:26:54.816" level="INFO">Pressing special key BACKSPACE down.</msg>
<msg timestamp="20231101 15:26:54.816" level="INFO">Pressing special key BACKSPACE down.</msg>
<msg timestamp="20231101 15:26:54.816" level="INFO">Pressing special key BACKSPACE down.</msg>
<msg timestamp="20231101 15:26:54.816" level="INFO">Pressing special key BACKSPACE down.</msg>
<msg timestamp="20231101 15:26:54.816" level="INFO">Pressing special key BACKSPACE down.</msg>
<msg timestamp="20231101 15:26:54.816" level="INFO">Pressing special key BACKSPACE down.</msg>
<msg timestamp="20231101 15:26:54.817" level="INFO">Pressing special key BACKSPACE down.</msg>
<msg timestamp="20231101 15:26:54.817" level="INFO">Pressing special key BACKSPACE down.</msg>
<msg timestamp="20231101 15:26:54.817" level="INFO">Pressing special key BACKSPACE down.</msg>
<msg timestamp="20231101 15:26:54.817" level="INFO">Pressing special key BACKSPACE down.</msg>
<msg timestamp="20231101 15:26:54.817" level="INFO">Pressing special key BACKSPACE down.</msg>
<msg timestamp="20231101 15:26:54.817" level="INFO">Pressing special key BACKSPACE down.</msg>
<msg timestamp="20231101 15:26:54.817" level="INFO">Pressing special key BACKSPACE down.</msg>
<msg timestamp="20231101 15:26:54.817" level="INFO">Pressing special key BACKSPACE down.</msg>
<msg timestamp="20231101 15:26:54.817" level="INFO">Pressing special key BACKSPACE down.</msg>
<msg timestamp="20231101 15:26:54.817" level="INFO">Pressing special key BACKSPACE down.</msg>
<msg timestamp="20231101 15:26:54.817" level="INFO">Releasing special key BACKSPACE.</msg>
<msg timestamp="20231101 15:26:54.817" level="INFO">Releasing special key BACKSPACE.</msg>
<msg timestamp="20231101 15:26:54.817" level="INFO">Releasing special key BACKSPACE.</msg>
<msg timestamp="20231101 15:26:54.817" level="INFO">Releasing special key BACKSPACE.</msg>
<msg timestamp="20231101 15:26:54.817" level="INFO">Releasing special key BACKSPACE.</msg>
<msg timestamp="20231101 15:26:54.817" level="INFO">Releasing special key BACKSPACE.</msg>
<msg timestamp="20231101 15:26:54.817" level="INFO">Releasing special key BACKSPACE.</msg>
<msg timestamp="20231101 15:26:54.817" level="INFO">Releasing special key BACKSPACE.</msg>
<msg timestamp="20231101 15:26:54.817" level="INFO">Releasing special key BACKSPACE.</msg>
<msg timestamp="20231101 15:26:54.817" level="INFO">Releasing special key BACKSPACE.</msg>
<msg timestamp="20231101 15:26:54.817" level="INFO">Releasing special key BACKSPACE.</msg>
<msg timestamp="20231101 15:26:54.817" level="INFO">Releasing special key BACKSPACE.</msg>
<msg timestamp="20231101 15:26:54.817" level="INFO">Releasing special key BACKSPACE.</msg>
<msg timestamp="20231101 15:26:54.817" level="INFO">Releasing special key BACKSPACE.</msg>
<msg timestamp="20231101 15:26:54.817" level="INFO">Releasing special key BACKSPACE.</msg>
<msg timestamp="20231101 15:26:54.817" level="INFO">Releasing special key BACKSPACE.</msg>
<msg timestamp="20231101 15:26:54.817" level="INFO">Releasing special key BACKSPACE.</msg>
<msg timestamp="20231101 15:26:54.817" level="INFO">Releasing special key BACKSPACE.</msg>
<msg timestamp="20231101 15:26:54.817" level="INFO">Releasing special key BACKSPACE.</msg>
<msg timestamp="20231101 15:26:54.817" level="INFO">Releasing special key BACKSPACE.</msg>
<status status="PASS" starttime="20231101 15:26:54.526" endtime="20231101 15:26:54.859"/>
</kw>
<kw name="Press Keys" library="SeleniumLibrary">
<arg>//input[@name='lastName']</arg>
<arg>${DELETE}</arg>
<doc>Simulates the user pressing key(s) to an element or on the active browser.</doc>
<msg timestamp="20231101 15:26:54.860" level="INFO">Sending key(s) ('BACKSPACE+BACKSPACE+BACKSPACE+BACKSPACE+BACKSPACE+BACKSPACE+BACKSPACE+BACKSPACE+BACKSPACE+BACKSPACE+BACKSPACE+BACKSPACE+BACKSPACE+BACKSPACE+BACKSPACE+BACKSPACE+BACKSPACE+BACKSPACE+BACKSPACE+BACKSPACE',) to //input[@name='lastName'] element.</msg>
<msg timestamp="20231101 15:26:55.138" level="INFO">Pressing special key BACKSPACE down.</msg>
<msg timestamp="20231101 15:26:55.138" level="INFO">Pressing special key BACKSPACE down.</msg>
<msg timestamp="20231101 15:26:55.138" level="INFO">Pressing special key BACKSPACE down.</msg>
<msg timestamp="20231101 15:26:55.138" level="INFO">Pressing special key BACKSPACE down.</msg>
<msg timestamp="20231101 15:26:55.138" level="INFO">Pressing special key BACKSPACE down.</msg>
<msg timestamp="20231101 15:26:55.138" level="INFO">Pressing special key BACKSPACE down.</msg>
<msg timestamp="20231101 15:26:55.138" level="INFO">Pressing special key BACKSPACE down.</msg>
<msg timestamp="20231101 15:26:55.138" level="INFO">Pressing special key BACKSPACE down.</msg>
<msg timestamp="20231101 15:26:55.138" level="INFO">Pressing special key BACKSPACE down.</msg>
<msg timestamp="20231101 15:26:55.138" level="INFO">Pressing special key BACKSPACE down.</msg>
<msg timestamp="20231101 15:26:55.138" level="INFO">Pressing special key BACKSPACE down.</msg>
<msg timestamp="20231101 15:26:55.138" level="INFO">Pressing special key BACKSPACE down.</msg>
<msg timestamp="20231101 15:26:55.138" level="INFO">Pressing special key BACKSPACE down.</msg>
<msg timestamp="20231101 15:26:55.138" level="INFO">Pressing special key BACKSPACE down.</msg>
<msg timestamp="20231101 15:26:55.138" level="INFO">Pressing special key BACKSPACE down.</msg>
<msg timestamp="20231101 15:26:55.138" level="INFO">Pressing special key BACKSPACE down.</msg>
<msg timestamp="20231101 15:26:55.138" level="INFO">Pressing special key BACKSPACE down.</msg>
<msg timestamp="20231101 15:26:55.138" level="INFO">Pressing special key BACKSPACE down.</msg>
<msg timestamp="20231101 15:26:55.138" level="INFO">Pressing special key BACKSPACE down.</msg>
<msg timestamp="20231101 15:26:55.138" level="INFO">Pressing special key BACKSPACE down.</msg>
<msg timestamp="20231101 15:26:55.138" level="INFO">Releasing special key BACKSPACE.</msg>
<msg timestamp="20231101 15:26:55.138" level="INFO">Releasing special key BACKSPACE.</msg>
<msg timestamp="20231101 15:26:55.138" level="INFO">Releasing special key BACKSPACE.</msg>
<msg timestamp="20231101 15:26:55.138" level="INFO">Releasing special key BACKSPACE.</msg>
<msg timestamp="20231101 15:26:55.138" level="INFO">Releasing special key BACKSPACE.</msg>
<msg timestamp="20231101 15:26:55.138" level="INFO">Releasing special key BACKSPACE.</msg>
<msg timestamp="20231101 15:26:55.138" level="INFO">Releasing special key BACKSPACE.</msg>
<msg timestamp="20231101 15:26:55.138" level="INFO">Releasing special key BACKSPACE.</msg>
<msg timestamp="20231101 15:26:55.139" level="INFO">Releasing special key BACKSPACE.</msg>
<msg timestamp="20231101 15:26:55.139" level="INFO">Releasing special key BACKSPACE.</msg>
<msg timestamp="20231101 15:26:55.139" level="INFO">Releasing special key BACKSPACE.</msg>
<msg timestamp="20231101 15:26:55.139" level="INFO">Releasing special key BACKSPACE.</msg>
<msg timestamp="20231101 15:26:55.139" level="INFO">Releasing special key BACKSPACE.</msg>
<msg timestamp="20231101 15:26:55.139" level="INFO">Releasing special key BACKSPACE.</msg>
<msg timestamp="20231101 15:26:55.139" level="INFO">Releasing special key BACKSPACE.</msg>
<msg timestamp="20231101 15:26:55.139" level="INFO">Releasing special key BACKSPACE.</msg>
<msg timestamp="20231101 15:26:55.139" level="INFO">Releasing special key BACKSPACE.</msg>
<msg timestamp="20231101 15:26:55.139" level="INFO">Releasing special key BACKSPACE.</msg>
<msg timestamp="20231101 15:26:55.139" level="INFO">Releasing special key BACKSPACE.</msg>
<msg timestamp="20231101 15:26:55.139" level="INFO">Releasing special key BACKSPACE.</msg>
<status status="PASS" starttime="20231101 15:26:54.859" endtime="20231101 15:26:55.203"/>
</kw>
<kw name="Press Keys" library="SeleniumLibrary">
<arg>(//input[contains(@class,'oxd-input oxd-input--active')])[4]</arg>
<arg>${DELETE}</arg>
<doc>Simulates the user pressing key(s) to an element or on the active browser.</doc>
<msg timestamp="20231101 15:26:55.204" level="INFO">Sending key(s) ('BACKSPACE+BACKSPACE+BACKSPACE+BACKSPACE+BACKSPACE+BACKSPACE+BACKSPACE+BACKSPACE+BACKSPACE+BACKSPACE+BACKSPACE+BACKSPACE+BACKSPACE+BACKSPACE+BACKSPACE+BACKSPACE+BACKSPACE+BACKSPACE+BACKSPACE+BACKSPACE',) to (//input[contains(@class,'oxd-input oxd-input--active')])[4] element.</msg>
<msg timestamp="20231101 15:26:55.499" level="INFO">Pressing special key BACKSPACE down.</msg>
<msg timestamp="20231101 15:26:55.499" level="INFO">Pressing special key BACKSPACE down.</msg>
<msg timestamp="20231101 15:26:55.500" level="INFO">Pressing special key BACKSPACE down.</msg>
<msg timestamp="20231101 15:26:55.500" level="INFO">Pressing special key BACKSPACE down.</msg>
<msg timestamp="20231101 15:26:55.500" level="INFO">Pressing special key BACKSPACE down.</msg>
<msg timestamp="20231101 15:26:55.500" level="INFO">Pressing special key BACKSPACE down.</msg>
<msg timestamp="20231101 15:26:55.500" level="INFO">Pressing special key BACKSPACE down.</msg>
<msg timestamp="20231101 15:26:55.500" level="INFO">Pressing special key BACKSPACE down.</msg>
<msg timestamp="20231101 15:26:55.500" level="INFO">Pressing special key BACKSPACE down.</msg>
<msg timestamp="20231101 15:26:55.500" level="INFO">Pressing special key BACKSPACE down.</msg>
<msg timestamp="20231101 15:26:55.500" level="INFO">Pressing special key BACKSPACE down.</msg>
<msg timestamp="20231101 15:26:55.500" level="INFO">Pressing special key BACKSPACE down.</msg>
<msg timestamp="20231101 15:26:55.500" level="INFO">Pressing special key BACKSPACE down.</msg>
<msg timestamp="20231101 15:26:55.500" level="INFO">Pressing special key BACKSPACE down.</msg>
<msg timestamp="20231101 15:26:55.500" level="INFO">Pressing special key BACKSPACE down.</msg>
<msg timestamp="20231101 15:26:55.500" level="INFO">Pressing special key BACKSPACE down.</msg>
<msg timestamp="20231101 15:26:55.500" level="INFO">Pressing special key BACKSPACE down.</msg>
<msg timestamp="20231101 15:26:55.500" level="INFO">Pressing special key BACKSPACE down.</msg>
<msg timestamp="20231101 15:26:55.500" level="INFO">Pressing special key BACKSPACE down.</msg>
<msg timestamp="20231101 15:26:55.500" level="INFO">Pressing special key BACKSPACE down.</msg>
<msg timestamp="20231101 15:26:55.500" level="INFO">Releasing special key BACKSPACE.</msg>
<msg timestamp="20231101 15:26:55.500" level="INFO">Releasing special key BACKSPACE.</msg>
<msg timestamp="20231101 15:26:55.500" level="INFO">Releasing special key BACKSPACE.</msg>
<msg timestamp="20231101 15:26:55.500" level="INFO">Releasing special key BACKSPACE.</msg>
<msg timestamp="20231101 15:26:55.500" level="INFO">Releasing special key BACKSPACE.</msg>
<msg timestamp="20231101 15:26:55.500" level="INFO">Releasing special key BACKSPACE.</msg>
<msg timestamp="20231101 15:26:55.500" level="INFO">Releasing special key BACKSPACE.</msg>
<msg timestamp="20231101 15:26:55.500" level="INFO">Releasing special key BACKSPACE.</msg>
<msg timestamp="20231101 15:26:55.500" level="INFO">Releasing special key BACKSPACE.</msg>
<msg timestamp="20231101 15:26:55.500" level="INFO">Releasing special key BACKSPACE.</msg>
<msg timestamp="20231101 15:26:55.500" level="INFO">Releasing special key BACKSPACE.</msg>
<msg timestamp="20231101 15:26:55.500" level="INFO">Releasing special key BACKSPACE.</msg>
<msg timestamp="20231101 15:26:55.500" level="INFO">Releasing special key BACKSPACE.</msg>
<msg timestamp="20231101 15:26:55.500" level="INFO">Releasing special key BACKSPACE.</msg>
<msg timestamp="20231101 15:26:55.500" level="INFO">Releasing special key BACKSPACE.</msg>
<msg timestamp="20231101 15:26:55.500" level="INFO">Releasing special key BACKSPACE.</msg>
<msg timestamp="20231101 15:26:55.500" level="INFO">Releasing special key BACKSPACE.</msg>
<msg timestamp="20231101 15:26:55.500" level="INFO">Releasing special key BACKSPACE.</msg>
<msg timestamp="20231101 15:26:55.500" level="INFO">Releasing special key BACKSPACE.</msg>
<msg timestamp="20231101 15:26:55.500" level="INFO">Releasing special key BACKSPACE.</msg>
<status status="PASS" starttime="20231101 15:26:55.203" endtime="20231101 15:26:55.527"/>
</kw>
<kw name="Press Keys" library="SeleniumLibrary">
<arg>(//input[contains(@class,'oxd-input oxd-input--active')])[5]</arg>
<arg>${DELETE}</arg>
<doc>Simulates the user pressing key(s) to an element or on the active browser.</doc>
<msg timestamp="20231101 15:26:55.528" level="INFO">Sending key(s) ('BACKSPACE+BACKSPACE+BACKSPACE+BACKSPACE+BACKSPACE+BACKSPACE+BACKSPACE+BACKSPACE+BACKSPACE+BACKSPACE+BACKSPACE+BACKSPACE+BACKSPACE+BACKSPACE+BACKSPACE+BACKSPACE+BACKSPACE+BACKSPACE+BACKSPACE+BACKSPACE',) to (//input[contains(@class,'oxd-input oxd-input--active')])[5] element.</msg>
<msg timestamp="20231101 15:26:55.806" level="INFO">Pressing special key BACKSPACE down.</msg>
<msg timestamp="20231101 15:26:55.806" level="INFO">Pressing special key BACKSPACE down.</msg>
<msg timestamp="20231101 15:26:55.806" level="INFO">Pressing special key BACKSPACE down.</msg>
<msg timestamp="20231101 15:26:55.806" level="INFO">Pressing special key BACKSPACE down.</msg>
<msg timestamp="20231101 15:26:55.806" level="INFO">Pressing special key BACKSPACE down.</msg>
<msg timestamp="20231101 15:26:55.806" level="INFO">Pressing special key BACKSPACE down.</msg>
<msg timestamp="20231101 15:26:55.806" level="INFO">Pressing special key BACKSPACE down.</msg>
<msg timestamp="20231101 15:26:55.806" level="INFO">Pressing special key BACKSPACE down.</msg>
<msg timestamp="20231101 15:26:55.806" level="INFO">Pressing special key BACKSPACE down.</msg>
<msg timestamp="20231101 15:26:55.806" level="INFO">Pressing special key BACKSPACE down.</msg>
<msg timestamp="20231101 15:26:55.806" level="INFO">Pressing special key BACKSPACE down.</msg>
<msg timestamp="20231101 15:26:55.808" level="INFO">Pressing special key BACKSPACE down.</msg>
<msg timestamp="20231101 15:26:55.808" level="INFO">Pressing special key BACKSPACE down.</msg>
<msg timestamp="20231101 15:26:55.808" level="INFO">Pressing special key BACKSPACE down.</msg>
<msg timestamp="20231101 15:26:55.808" level="INFO">Pressing special key BACKSPACE down.</msg>
<msg timestamp="20231101 15:26:55.808" level="INFO">Pressing special key BACKSPACE down.</msg>
<msg timestamp="20231101 15:26:55.808" level="INFO">Pressing special key BACKSPACE down.</msg>
<msg timestamp="20231101 15:26:55.808" level="INFO">Pressing special key BACKSPACE down.</msg>
<msg timestamp="20231101 15:26:55.808" level="INFO">Pressing special key BACKSPACE down.</msg>
<msg timestamp="20231101 15:26:55.808" level="INFO">Pressing special key BACKSPACE down.</msg>
<msg timestamp="20231101 15:26:55.808" level="INFO">Releasing special key BACKSPACE.</msg>
<msg timestamp="20231101 15:26:55.808" level="INFO">Releasing special key BACKSPACE.</msg>
<msg timestamp="20231101 15:26:55.808" level="INFO">Releasing special key BACKSPACE.</msg>
<msg timestamp="20231101 15:26:55.808" level="INFO">Releasing special key BACKSPACE.</msg>
<msg timestamp="20231101 15:26:55.808" level="INFO">Releasing special key BACKSPACE.</msg>
<msg timestamp="20231101 15:26:55.808" level="INFO">Releasing special key BACKSPACE.</msg>
<msg timestamp="20231101 15:26:55.808" level="INFO">Releasing special key BACKSPACE.</msg>
<msg timestamp="20231101 15:26:55.808" level="INFO">Releasing special key BACKSPACE.</msg>
<msg timestamp="20231101 15:26:55.808" level="INFO">Releasing special key BACKSPACE.</msg>
<msg timestamp="20231101 15:26:55.808" level="INFO">Releasing special key BACKSPACE.</msg>
<msg timestamp="20231101 15:26:55.808" level="INFO">Releasing special key BACKSPACE.</msg>
<msg timestamp="20231101 15:26:55.808" level="INFO">Releasing special key BACKSPACE.</msg>
<msg timestamp="20231101 15:26:55.808" level="INFO">Releasing special key BACKSPACE.</msg>
<msg timestamp="20231101 15:26:55.808" level="INFO">Releasing special key BACKSPACE.</msg>
<msg timestamp="20231101 15:26:55.808" level="INFO">Releasing special key BACKSPACE.</msg>
<msg timestamp="20231101 15:26:55.808" level="INFO">Releasing special key BACKSPACE.</msg>
<msg timestamp="20231101 15:26:55.808" level="INFO">Releasing special key BACKSPACE.</msg>
<msg timestamp="20231101 15:26:55.808" level="INFO">Releasing special key BACKSPACE.</msg>
<msg timestamp="20231101 15:26:55.808" level="INFO">Releasing special key BACKSPACE.</msg>
<msg timestamp="20231101 15:26:55.808" level="INFO">Releasing special key BACKSPACE.</msg>
<status status="PASS" starttime="20231101 15:26:55.527" endtime="20231101 15:26:55.851"/>
</kw>
<kw name="Press Keys" library="SeleniumLibrary">
<arg>(//input[contains(@class,'oxd-input oxd-input--active')])[6]</arg>
<arg>${DELETE}</arg>
<doc>Simulates the user pressing key(s) to an element or on the active browser.</doc>
<msg timestamp="20231101 15:26:55.852" level="INFO">Sending key(s) ('BACKSPACE+BACKSPACE+BACKSPACE+BACKSPACE+BACKSPACE+BACKSPACE+BACKSPACE+BACKSPACE+BACKSPACE+BACKSPACE+BACKSPACE+BACKSPACE+BACKSPACE+BACKSPACE+BACKSPACE+BACKSPACE+BACKSPACE+BACKSPACE+BACKSPACE+BACKSPACE',) to (//input[contains(@class,'oxd-input oxd-input--active')])[6] element.</msg>
<msg timestamp="20231101 15:26:56.133" level="INFO">Pressing special key BACKSPACE down.</msg>
<msg timestamp="20231101 15:26:56.133" level="INFO">Pressing special key BACKSPACE down.</msg>
<msg timestamp="20231101 15:26:56.133" level="INFO">Pressing special key BACKSPACE down.</msg>
<msg timestamp="20231101 15:26:56.133" level="INFO">Pressing special key BACKSPACE down.</msg>
<msg timestamp="20231101 15:26:56.133" level="INFO">Pressing special key BACKSPACE down.</msg>
<msg timestamp="20231101 15:26:56.133" level="INFO">Pressing special key BACKSPACE down.</msg>
<msg timestamp="20231101 15:26:56.133" level="INFO">Pressing special key BACKSPACE down.</msg>
<msg timestamp="20231101 15:26:56.133" level="INFO">Pressing special key BACKSPACE down.</msg>
<msg timestamp="20231101 15:26:56.133" level="INFO">Pressing special key BACKSPACE down.</msg>
<msg timestamp="20231101 15:26:56.133" level="INFO">Pressing special key BACKSPACE down.</msg>
<msg timestamp="20231101 15:26:56.133" level="INFO">Pressing special key BACKSPACE down.</msg>
<msg timestamp="20231101 15:26:56.133" level="INFO">Pressing special key BACKSPACE down.</msg>
<msg timestamp="20231101 15:26:56.133" level="INFO">Pressing special key BACKSPACE down.</msg>
<msg timestamp="20231101 15:26:56.133" level="INFO">Pressing special key BACKSPACE down.</msg>
<msg timestamp="20231101 15:26:56.133" level="INFO">Pressing special key BACKSPACE down.</msg>
<msg timestamp="20231101 15:26:56.133" level="INFO">Pressing special key BACKSPACE down.</msg>
<msg timestamp="20231101 15:26:56.133" level="INFO">Pressing special key BACKSPACE down.</msg>
<msg timestamp="20231101 15:26:56.133" level="INFO">Pressing special key BACKSPACE down.</msg>
<msg timestamp="20231101 15:26:56.133" level="INFO">Pressing special key BACKSPACE down.</msg>
<msg timestamp="20231101 15:26:56.133" level="INFO">Pressing special key BACKSPACE down.</msg>
<msg timestamp="20231101 15:26:56.133" level="INFO">Releasing special key BACKSPACE.</msg>
<msg timestamp="20231101 15:26:56.133" level="INFO">Releasing special key BACKSPACE.</msg>
<msg timestamp="20231101 15:26:56.133" level="INFO">Releasing special key BACKSPACE.</msg>
<msg timestamp="20231101 15:26:56.133" level="INFO">Releasing special key BACKSPACE.</msg>
<msg timestamp="20231101 15:26:56.133" level="INFO">Releasing special key BACKSPACE.</msg>
<msg timestamp="20231101 15:26:56.133" level="INFO">Releasing special key BACKSPACE.</msg>
<msg timestamp="20231101 15:26:56.133" level="INFO">Releasing special key BACKSPACE.</msg>
<msg timestamp="20231101 15:26:56.133" level="INFO">Releasing special key BACKSPACE.</msg>
<msg timestamp="20231101 15:26:56.133" level="INFO">Releasing special key BACKSPACE.</msg>
<msg timestamp="20231101 15:26:56.133" level="INFO">Releasing special key BACKSPACE.</msg>
<msg timestamp="20231101 15:26:56.133" level="INFO">Releasing special key BACKSPACE.</msg>
<msg timestamp="20231101 15:26:56.133" level="INFO">Releasing special key BACKSPACE.</msg>
<msg timestamp="20231101 15:26:56.134" level="INFO">Releasing special key BACKSPACE.</msg>
<msg timestamp="20231101 15:26:56.134" level="INFO">Releasing special key BACKSPACE.</msg>
<msg timestamp="20231101 15:26:56.134" level="INFO">Releasing special key BACKSPACE.</msg>
<msg timestamp="20231101 15:26:56.134" level="INFO">Releasing special key BACKSPACE.</msg>
<msg timestamp="20231101 15:26:56.134" level="INFO">Releasing special key BACKSPACE.</msg>
<msg timestamp="20231101 15:26:56.134" level="INFO">Releasing special key BACKSPACE.</msg>
<msg timestamp="20231101 15:26:56.134" level="INFO">Releasing special key BACKSPACE.</msg>
<msg timestamp="20231101 15:26:56.134" level="INFO">Releasing special key BACKSPACE.</msg>
<status status="PASS" starttime="20231101 15:26:55.851" endtime="20231101 15:26:56.154"/>
</kw>
<kw name="Press Keys" library="SeleniumLibrary">
<arg>(//input[contains(@class,'oxd-input oxd-input--active')])[7]</arg>
<arg>${DELETE}</arg>
<doc>Simulates the user pressing key(s) to an element or on the active browser.</doc>
<msg timestamp="20231101 15:26:56.154" level="INFO">Sending key(s) ('BACKSPACE+BACKSPACE+BACKSPACE+BACKSPACE+BACKSPACE+BACKSPACE+BACKSPACE+BACKSPACE+BACKSPACE+BACKSPACE+BACKSPACE+BACKSPACE+BACKSPACE+BACKSPACE+BACKSPACE+BACKSPACE+BACKSPACE+BACKSPACE+BACKSPACE+BACKSPACE',) to (//input[contains(@class,'oxd-input oxd-input--active')])[7] element.</msg>
<msg timestamp="20231101 15:26:56.440" level="INFO">Pressing special key BACKSPACE down.</msg>
<msg timestamp="20231101 15:26:56.440" level="INFO">Pressing special key BACKSPACE down.</msg>
<msg timestamp="20231101 15:26:56.440" level="INFO">Pressing special key BACKSPACE down.</msg>
<msg timestamp="20231101 15:26:56.440" level="INFO">Pressing special key BACKSPACE down.</msg>
<msg timestamp="20231101 15:26:56.440" level="INFO">Pressing special key BACKSPACE down.</msg>
<msg timestamp="20231101 15:26:56.440" level="INFO">Pressing special key BACKSPACE down.</msg>
<msg timestamp="20231101 15:26:56.440" level="INFO">Pressing special key BACKSPACE down.</msg>
<msg timestamp="20231101 15:26:56.440" level="INFO">Pressing special key BACKSPACE down.</msg>
<msg timestamp="20231101 15:26:56.440" level="INFO">Pressing special key BACKSPACE down.</msg>
<msg timestamp="20231101 15:26:56.440" level="INFO">Pressing special key BACKSPACE down.</msg>
<msg timestamp="20231101 15:26:56.440" level="INFO">Pressing special key BACKSPACE down.</msg>
<msg timestamp="20231101 15:26:56.440" level="INFO">Pressing special key BACKSPACE down.</msg>
<msg timestamp="20231101 15:26:56.440" level="INFO">Pressing special key BACKSPACE down.</msg>
<msg timestamp="20231101 15:26:56.440" level="INFO">Pressing special key BACKSPACE down.</msg>
<msg timestamp="20231101 15:26:56.440" level="INFO">Pressing special key BACKSPACE down.</msg>
<msg timestamp="20231101 15:26:56.440" level="INFO">Pressing special key BACKSPACE down.</msg>
<msg timestamp="20231101 15:26:56.440" level="INFO">Pressing special key BACKSPACE down.</msg>
<msg timestamp="20231101 15:26:56.440" level="INFO">Pressing special key BACKSPACE down.</msg>
<msg timestamp="20231101 15:26:56.440" level="INFO">Pressing special key BACKSPACE down.</msg>
<msg timestamp="20231101 15:26:56.440" level="INFO">Pressing special key BACKSPACE down.</msg>
<msg timestamp="20231101 15:26:56.440" level="INFO">Releasing special key BACKSPACE.</msg>
<msg timestamp="20231101 15:26:56.440" level="INFO">Releasing special key BACKSPACE.</msg>
<msg timestamp="20231101 15:26:56.440" level="INFO">Releasing special key BACKSPACE.</msg>
<msg timestamp="20231101 15:26:56.440" level="INFO">Releasing special key BACKSPACE.</msg>
<msg timestamp="20231101 15:26:56.440" level="INFO">Releasing special key BACKSPACE.</msg>
<msg timestamp="20231101 15:26:56.440" level="INFO">Releasing special key BACKSPACE.</msg>
<msg timestamp="20231101 15:26:56.440" level="INFO">Releasing special key BACKSPACE.</msg>
<msg timestamp="20231101 15:26:56.440" level="INFO">Releasing special key BACKSPACE.</msg>
<msg timestamp="20231101 15:26:56.440" level="INFO">Releasing special key BACKSPACE.</msg>
<msg timestamp="20231101 15:26:56.440" level="INFO">Releasing special key BACKSPACE.</msg>
<msg timestamp="20231101 15:26:56.440" level="INFO">Releasing special key BACKSPACE.</msg>
<msg timestamp="20231101 15:26:56.440" level="INFO">Releasing special key BACKSPACE.</msg>
<msg timestamp="20231101 15:26:56.440" level="INFO">Releasing special key BACKSPACE.</msg>
<msg timestamp="20231101 15:26:56.440" level="INFO">Releasing special key BACKSPACE.</msg>
<msg timestamp="20231101 15:26:56.440" level="INFO">Releasing special key BACKSPACE.</msg>
<msg timestamp="20231101 15:26:56.440" level="INFO">Releasing special key BACKSPACE.</msg>
<msg timestamp="20231101 15:26:56.440" level="INFO">Releasing special key BACKSPACE.</msg>
<msg timestamp="20231101 15:26:56.440" level="INFO">Releasing special key BACKSPACE.</msg>
<msg timestamp="20231101 15:26:56.440" level="INFO">Releasing special key BACKSPACE.</msg>
<msg timestamp="20231101 15:26:56.440" level="INFO">Releasing special key BACKSPACE.</msg>
<status status="PASS" starttime="20231101 15:26:56.154" endtime="20231101 15:26:56.461"/>
</kw>
<kw name="Press Keys" library="SeleniumLibrary">
<arg>(//input[contains(@class,'oxd-input oxd-input--active')])[9]</arg>
<arg>${DELETE}</arg>
<doc>Simulates the user pressing key(s) to an element or on the active browser.</doc>
<msg timestamp="20231101 15:26:56.462" level="INFO">Sending key(s) ('BACKSPACE+BACKSPACE+BACKSPACE+BACKSPACE+BACKSPACE+BACKSPACE+BACKSPACE+BACKSPACE+BACKSPACE+BACKSPACE+BACKSPACE+BACKSPACE+BACKSPACE+BACKSPACE+BACKSPACE+BACKSPACE+BACKSPACE+BACKSPACE+BACKSPACE+BACKSPACE',) to (//input[contains(@class,'oxd-input oxd-input--active')])[9] element.</msg>
<msg timestamp="20231101 15:26:56.748" level="INFO">Pressing special key BACKSPACE down.</msg>
<msg timestamp="20231101 15:26:56.748" level="INFO">Pressing special key BACKSPACE down.</msg>
<msg timestamp="20231101 15:26:56.748" level="INFO">Pressing special key BACKSPACE down.</msg>
<msg timestamp="20231101 15:26:56.748" level="INFO">Pressing special key BACKSPACE down.</msg>
<msg timestamp="20231101 15:26:56.748" level="INFO">Pressing special key BACKSPACE down.</msg>
<msg timestamp="20231101 15:26:56.748" level="INFO">Pressing special key BACKSPACE down.</msg>
<msg timestamp="20231101 15:26:56.748" level="INFO">Pressing special key BACKSPACE down.</msg>
<msg timestamp="20231101 15:26:56.748" level="INFO">Pressing special key BACKSPACE down.</msg>
<msg timestamp="20231101 15:26:56.748" level="INFO">Pressing special key BACKSPACE down.</msg>
<msg timestamp="20231101 15:26:56.748" level="INFO">Pressing special key BACKSPACE down.</msg>
<msg timestamp="20231101 15:26:56.748" level="INFO">Pressing special key BACKSPACE down.</msg>
<msg timestamp="20231101 15:26:56.748" level="INFO">Pressing special key BACKSPACE down.</msg>
<msg timestamp="20231101 15:26:56.748" level="INFO">Pressing special key BACKSPACE down.</msg>
<msg timestamp="20231101 15:26:56.748" level="INFO">Pressing special key BACKSPACE down.</msg>
<msg timestamp="20231101 15:26:56.748" level="INFO">Pressing special key BACKSPACE down.</msg>
<msg timestamp="20231101 15:26:56.748" level="INFO">Pressing special key BACKSPACE down.</msg>
<msg timestamp="20231101 15:26:56.748" level="INFO">Pressing special key BACKSPACE down.</msg>
<msg timestamp="20231101 15:26:56.748" level="INFO">Pressing special key BACKSPACE down.</msg>
<msg timestamp="20231101 15:26:56.748" level="INFO">Pressing special key BACKSPACE down.</msg>
<msg timestamp="20231101 15:26:56.748" level="INFO">Pressing special key BACKSPACE down.</msg>
<msg timestamp="20231101 15:26:56.748" level="INFO">Releasing special key BACKSPACE.</msg>
<msg timestamp="20231101 15:26:56.748" level="INFO">Releasing special key BACKSPACE.</msg>
<msg timestamp="20231101 15:26:56.748" level="INFO">Releasing special key BACKSPACE.</msg>
<msg timestamp="20231101 15:26:56.748" level="INFO">Releasing special key BACKSPACE.</msg>
<msg timestamp="20231101 15:26:56.748" level="INFO">Releasing special key BACKSPACE.</msg>
<msg timestamp="20231101 15:26:56.748" level="INFO">Releasing special key BACKSPACE.</msg>
<msg timestamp="20231101 15:26:56.748" level="INFO">Releasing special key BACKSPACE.</msg>
<msg timestamp="20231101 15:26:56.748" level="INFO">Releasing special key BACKSPACE.</msg>
<msg timestamp="20231101 15:26:56.748" level="INFO">Releasing special key BACKSPACE.</msg>
<msg timestamp="20231101 15:26:56.748" level="INFO">Releasing special key BACKSPACE.</msg>
<msg timestamp="20231101 15:26:56.748" level="INFO">Releasing special key BACKSPACE.</msg>
<msg timestamp="20231101 15:26:56.748" level="INFO">Releasing special key BACKSPACE.</msg>
<msg timestamp="20231101 15:26:56.748" level="INFO">Releasing special key BACKSPACE.</msg>
<msg timestamp="20231101 15:26:56.748" level="INFO">Releasing special key BACKSPACE.</msg>
<msg timestamp="20231101 15:26:56.748" level="INFO">Releasing special key BACKSPACE.</msg>
<msg timestamp="20231101 15:26:56.748" level="INFO">Releasing special key BACKSPACE.</msg>
<msg timestamp="20231101 15:26:56.748" level="INFO">Releasing special key BACKSPACE.</msg>
<msg timestamp="20231101 15:26:56.748" level="INFO">Releasing special key BACKSPACE.</msg>
<msg timestamp="20231101 15:26:56.748" level="INFO">Releasing special key BACKSPACE.</msg>
<msg timestamp="20231101 15:26:56.748" level="INFO">Releasing special key BACKSPACE.</msg>
<status status="PASS" starttime="20231101 15:26:56.462" endtime="20231101 15:26:56.769"/>
</kw>
<kw name="Press Keys" library="SeleniumLibrary">
<arg>(//input[contains(@class,'oxd-input oxd-input--active')])[10]</arg>
<arg>${DELETE}</arg>
<doc>Simulates the user pressing key(s) to an element or on the active browser.</doc>
<msg timestamp="20231101 15:26:56.770" level="INFO">Sending key(s) ('BACKSPACE+BACKSPACE+BACKSPACE+BACKSPACE+BACKSPACE+BACKSPACE+BACKSPACE+BACKSPACE+BACKSPACE+BACKSPACE+BACKSPACE+BACKSPACE+BACKSPACE+BACKSPACE+BACKSPACE+BACKSPACE+BACKSPACE+BACKSPACE+BACKSPACE+BACKSPACE',) to (//input[contains(@class,'oxd-input oxd-input--active')])[10] element.</msg>
<msg timestamp="20231101 15:26:57.060" level="INFO">Pressing special key BACKSPACE down.</msg>
<msg timestamp="20231101 15:26:57.060" level="INFO">Pressing special key BACKSPACE down.</msg>
<msg timestamp="20231101 15:26:57.060" level="INFO">Pressing special key BACKSPACE down.</msg>
<msg timestamp="20231101 15:26:57.060" level="INFO">Pressing special key BACKSPACE down.</msg>
<msg timestamp="20231101 15:26:57.060" level="INFO">Pressing special key BACKSPACE down.</msg>
<msg timestamp="20231101 15:26:57.060" level="INFO">Pressing special key BACKSPACE down.</msg>
<msg timestamp="20231101 15:26:57.060" level="INFO">Pressing special key BACKSPACE down.</msg>
<msg timestamp="20231101 15:26:57.060" level="INFO">Pressing special key BACKSPACE down.</msg>
<msg timestamp="20231101 15:26:57.060" level="INFO">Pressing special key BACKSPACE down.</msg>
<msg timestamp="20231101 15:26:57.060" level="INFO">Pressing special key BACKSPACE down.</msg>
<msg timestamp="20231101 15:26:57.060" level="INFO">Pressing special key BACKSPACE down.</msg>
<msg timestamp="20231101 15:26:57.060" level="INFO">Pressing special key BACKSPACE down.</msg>
<msg timestamp="20231101 15:26:57.060" level="INFO">Pressing special key BACKSPACE down.</msg>
<msg timestamp="20231101 15:26:57.060" level="INFO">Pressing special key BACKSPACE down.</msg>
<msg timestamp="20231101 15:26:57.060" level="INFO">Pressing special key BACKSPACE down.</msg>
<msg timestamp="20231101 15:26:57.060" level="INFO">Pressing special key BACKSPACE down.</msg>
<msg timestamp="20231101 15:26:57.060" level="INFO">Pressing special key BACKSPACE down.</msg>
<msg timestamp="20231101 15:26:57.060" level="INFO">Pressing special key BACKSPACE down.</msg>
<msg timestamp="20231101 15:26:57.060" level="INFO">Pressing special key BACKSPACE down.</msg>
<msg timestamp="20231101 15:26:57.062" level="INFO">Pressing special key BACKSPACE down.</msg>
<msg timestamp="20231101 15:26:57.062" level="INFO">Releasing special key BACKSPACE.</msg>
<msg timestamp="20231101 15:26:57.062" level="INFO">Releasing special key BACKSPACE.</msg>
<msg timestamp="20231101 15:26:57.062" level="INFO">Releasing special key BACKSPACE.</msg>
<msg timestamp="20231101 15:26:57.062" level="INFO">Releasing special key BACKSPACE.</msg>
<msg timestamp="20231101 15:26:57.062" level="INFO">Releasing special key BACKSPACE.</msg>
<msg timestamp="20231101 15:26:57.062" level="INFO">Releasing special key BACKSPACE.</msg>
<msg timestamp="20231101 15:26:57.062" level="INFO">Releasing special key BACKSPACE.</msg>
<msg timestamp="20231101 15:26:57.062" level="INFO">Releasing special key BACKSPACE.</msg>
<msg timestamp="20231101 15:26:57.062" level="INFO">Releasing special key BACKSPACE.</msg>
<msg timestamp="20231101 15:26:57.062" level="INFO">Releasing special key BACKSPACE.</msg>
<msg timestamp="20231101 15:26:57.062" level="INFO">Releasing special key BACKSPACE.</msg>
<msg timestamp="20231101 15:26:57.062" level="INFO">Releasing special key BACKSPACE.</msg>
<msg timestamp="20231101 15:26:57.062" level="INFO">Releasing special key BACKSPACE.</msg>
<msg timestamp="20231101 15:26:57.062" level="INFO">Releasing special key BACKSPACE.</msg>
<msg timestamp="20231101 15:26:57.062" level="INFO">Releasing special key BACKSPACE.</msg>
<msg timestamp="20231101 15:26:57.062" level="INFO">Releasing special key BACKSPACE.</msg>
<msg timestamp="20231101 15:26:57.062" level="INFO">Releasing special key BACKSPACE.</msg>
<msg timestamp="20231101 15:26:57.062" level="INFO">Releasing special key BACKSPACE.</msg>
<msg timestamp="20231101 15:26:57.062" level="INFO">Releasing special key BACKSPACE.</msg>
<msg timestamp="20231101 15:26:57.062" level="INFO">Releasing special key BACKSPACE.</msg>
<status status="PASS" starttime="20231101 15:26:56.769" endtime="20231101 15:26:57.082"/>
</kw>
<kw name="Press Keys" library="SeleniumLibrary">
<arg>(//input[@placeholder='yyyy-mm-dd'])[1]</arg>
<arg>${DELETE}</arg>
<doc>Simulates the user pressing key(s) to an element or on the active browser.</doc>
<msg timestamp="20231101 15:26:57.083" level="INFO">Sending key(s) ('BACKSPACE+BACKSPACE+BACKSPACE+BACKSPACE+BACKSPACE+BACKSPACE+BACKSPACE+BACKSPACE+BACKSPACE+BACKSPACE+BACKSPACE+BACKSPACE+BACKSPACE+BACKSPACE+BACKSPACE+BACKSPACE+BACKSPACE+BACKSPACE+BACKSPACE+BACKSPACE',) to (//input[@placeholder='yyyy-mm-dd'])[1] element.</msg>
<msg timestamp="20231101 15:26:57.390" level="INFO">Pressing special key BACKSPACE down.</msg>
<msg timestamp="20231101 15:26:57.390" level="INFO">Pressing special key BACKSPACE down.</msg>
<msg timestamp="20231101 15:26:57.390" level="INFO">Pressing special key BACKSPACE down.</msg>
<msg timestamp="20231101 15:26:57.390" level="INFO">Pressing special key BACKSPACE down.</msg>
<msg timestamp="20231101 15:26:57.390" level="INFO">Pressing special key BACKSPACE down.</msg>
<msg timestamp="20231101 15:26:57.390" level="INFO">Pressing special key BACKSPACE down.</msg>
<msg timestamp="20231101 15:26:57.390" level="INFO">Pressing special key BACKSPACE down.</msg>
<msg timestamp="20231101 15:26:57.390" level="INFO">Pressing special key BACKSPACE down.</msg>
<msg timestamp="20231101 15:26:57.390" level="INFO">Pressing special key BACKSPACE down.</msg>
<msg timestamp="20231101 15:26:57.390" level="INFO">Pressing special key BACKSPACE down.</msg>
<msg timestamp="20231101 15:26:57.390" level="INFO">Pressing special key BACKSPACE down.</msg>
<msg timestamp="20231101 15:26:57.390" level="INFO">Pressing special key BACKSPACE down.</msg>
<msg timestamp="20231101 15:26:57.390" level="INFO">Pressing special key BACKSPACE down.</msg>
<msg timestamp="20231101 15:26:57.390" level="INFO">Pressing special key BACKSPACE down.</msg>
<msg timestamp="20231101 15:26:57.390" level="INFO">Pressing special key BACKSPACE down.</msg>
<msg timestamp="20231101 15:26:57.390" level="INFO">Pressing special key BACKSPACE down.</msg>
<msg timestamp="20231101 15:26:57.390" level="INFO">Pressing special key BACKSPACE down.</msg>
<msg timestamp="20231101 15:26:57.390" level="INFO">Pressing special key BACKSPACE down.</msg>
<msg timestamp="20231101 15:26:57.390" level="INFO">Pressing special key BACKSPACE down.</msg>
<msg timestamp="20231101 15:26:57.390" level="INFO">Pressing special key BACKSPACE down.</msg>
<msg timestamp="20231101 15:26:57.390" level="INFO">Releasing special key BACKSPACE.</msg>
<msg timestamp="20231101 15:26:57.390" level="INFO">Releasing special key BACKSPACE.</msg>
<msg timestamp="20231101 15:26:57.390" level="INFO">Releasing special key BACKSPACE.</msg>
<msg timestamp="20231101 15:26:57.390" level="INFO">Releasing special key BACKSPACE.</msg>
<msg timestamp="20231101 15:26:57.390" level="INFO">Releasing special key BACKSPACE.</msg>
<msg timestamp="20231101 15:26:57.390" level="INFO">Releasing special key BACKSPACE.</msg>
<msg timestamp="20231101 15:26:57.390" level="INFO">Releasing special key BACKSPACE.</msg>
<msg timestamp="20231101 15:26:57.390" level="INFO">Releasing special key BACKSPACE.</msg>
<msg timestamp="20231101 15:26:57.390" level="INFO">Releasing special key BACKSPACE.</msg>
<msg timestamp="20231101 15:26:57.390" level="INFO">Releasing special key BACKSPACE.</msg>
<msg timestamp="20231101 15:26:57.390" level="INFO">Releasing special key BACKSPACE.</msg>
<msg timestamp="20231101 15:26:57.390" level="INFO">Releasing special key BACKSPACE.</msg>
<msg timestamp="20231101 15:26:57.390" level="INFO">Releasing special key BACKSPACE.</msg>
<msg timestamp="20231101 15:26:57.390" level="INFO">Releasing special key BACKSPACE.</msg>
<msg timestamp="20231101 15:26:57.390" level="INFO">Releasing special key BACKSPACE.</msg>
<msg timestamp="20231101 15:26:57.390" level="INFO">Releasing special key BACKSPACE.</msg>
<msg timestamp="20231101 15:26:57.390" level="INFO">Releasing special key BACKSPACE.</msg>
<msg timestamp="20231101 15:26:57.390" level="INFO">Releasing special key BACKSPACE.</msg>
<msg timestamp="20231101 15:26:57.390" level="INFO">Releasing special key BACKSPACE.</msg>
<msg timestamp="20231101 15:26:57.392" level="INFO">Releasing special key BACKSPACE.</msg>
<status status="PASS" starttime="20231101 15:26:57.082" endtime="20231101 15:26:57.417"/>
</kw>
<kw name="Press Keys" library="SeleniumLibrary">
<arg>//label[@class='oxd-label'][contains(.,'License Expiry Date')]</arg>
<arg>${SCROLL}</arg>
<doc>Simulates the user pressing key(s) to an element or on the active browser.</doc>
<msg timestamp="20231101 15:26:57.418" level="INFO">Sending key(s) ('ARROW_DOWN+ARROW_DOWN',) to //label[@class='oxd-label'][contains(.,'License Expiry Date')] element.</msg>
<msg timestamp="20231101 15:26:57.728" level="INFO">Pressing special key ARROW_DOWN down.</msg>
<msg timestamp="20231101 15:26:57.728" level="INFO">Pressing special key ARROW_DOWN down.</msg>
<msg timestamp="20231101 15:26:57.728" level="INFO">Releasing special key ARROW_DOWN.</msg>
<msg timestamp="20231101 15:26:57.728" level="INFO">Releasing special key ARROW_DOWN.</msg>
<status status="PASS" starttime="20231101 15:26:57.417" endtime="20231101 15:26:57.734"/>
</kw>
<kw name="Press Keys" library="SeleniumLibrary">
<arg>(//input[contains(@class,'oxd-input oxd-input--active')])[13]</arg>
<arg>${DELETE}</arg>
<doc>Simulates the user pressing key(s) to an element or on the active browser.</doc>
<msg timestamp="20231101 15:26:57.734" level="INFO">Sending key(s) ('BACKSPACE+BACKSPACE+BACKSPACE+BACKSPACE+BACKSPACE+BACKSPACE+BACKSPACE+BACKSPACE+BACKSPACE+BACKSPACE+BACKSPACE+BACKSPACE+BACKSPACE+BACKSPACE+BACKSPACE+BACKSPACE+BACKSPACE+BACKSPACE+BACKSPACE+BACKSPACE',) to (//input[contains(@class,'oxd-input oxd-input--active')])[13] element.</msg>
<msg timestamp="20231101 15:26:58.023" level="INFO">Pressing special key BACKSPACE down.</msg>
<msg timestamp="20231101 15:26:58.023" level="INFO">Pressing special key BACKSPACE down.</msg>
<msg timestamp="20231101 15:26:58.023" level="INFO">Pressing special key BACKSPACE down.</msg>
<msg timestamp="20231101 15:26:58.023" level="INFO">Pressing special key BACKSPACE down.</msg>
<msg timestamp="20231101 15:26:58.023" level="INFO">Pressing special key BACKSPACE down.</msg>
<msg timestamp="20231101 15:26:58.023" level="INFO">Pressing special key BACKSPACE down.</msg>
<msg timestamp="20231101 15:26:58.023" level="INFO">Pressing special key BACKSPACE down.</msg>
<msg timestamp="20231101 15:26:58.023" level="INFO">Pressing special key BACKSPACE down.</msg>
<msg timestamp="20231101 15:26:58.023" level="INFO">Pressing special key BACKSPACE down.</msg>
<msg timestamp="20231101 15:26:58.023" level="INFO">Pressing special key BACKSPACE down.</msg>
<msg timestamp="20231101 15:26:58.023" level="INFO">Pressing special key BACKSPACE down.</msg>
<msg timestamp="20231101 15:26:58.024" level="INFO">Pressing special key BACKSPACE down.</msg>
<msg timestamp="20231101 15:26:58.024" level="INFO">Pressing special key BACKSPACE down.</msg>
<msg timestamp="20231101 15:26:58.024" level="INFO">Pressing special key BACKSPACE down.</msg>
<msg timestamp="20231101 15:26:58.024" level="INFO">Pressing special key BACKSPACE down.</msg>
<msg timestamp="20231101 15:26:58.024" level="INFO">Pressing special key BACKSPACE down.</msg>
<msg timestamp="20231101 15:26:58.024" level="INFO">Pressing special key BACKSPACE down.</msg>
<msg timestamp="20231101 15:26:58.024" level="INFO">Pressing special key BACKSPACE down.</msg>
<msg timestamp="20231101 15:26:58.024" level="INFO">Pressing special key BACKSPACE down.</msg>
<msg timestamp="20231101 15:26:58.024" level="INFO">Pressing special key BACKSPACE down.</msg>
<msg timestamp="20231101 15:26:58.024" level="INFO">Releasing special key BACKSPACE.</msg>
<msg timestamp="20231101 15:26:58.024" level="INFO">Releasing special key BACKSPACE.</msg>
<msg timestamp="20231101 15:26:58.024" level="INFO">Releasing special key BACKSPACE.</msg>
<msg timestamp="20231101 15:26:58.024" level="INFO">Releasing special key BACKSPACE.</msg>
<msg timestamp="20231101 15:26:58.024" level="INFO">Releasing special key BACKSPACE.</msg>
<msg timestamp="20231101 15:26:58.024" level="INFO">Releasing special key BACKSPACE.</msg>
<msg timestamp="20231101 15:26:58.024" level="INFO">Releasing special key BACKSPACE.</msg>
<msg timestamp="20231101 15:26:58.024" level="INFO">Releasing special key BACKSPACE.</msg>
<msg timestamp="20231101 15:26:58.024" level="INFO">Releasing special key BACKSPACE.</msg>
<msg timestamp="20231101 15:26:58.024" level="INFO">Releasing special key BACKSPACE.</msg>
<msg timestamp="20231101 15:26:58.024" level="INFO">Releasing special key BACKSPACE.</msg>
<msg timestamp="20231101 15:26:58.024" level="INFO">Releasing special key BACKSPACE.</msg>
<msg timestamp="20231101 15:26:58.024" level="INFO">Releasing special key BACKSPACE.</msg>
<msg timestamp="20231101 15:26:58.024" level="INFO">Releasing special key BACKSPACE.</msg>
<msg timestamp="20231101 15:26:58.024" level="INFO">Releasing special key BACKSPACE.</msg>
<msg timestamp="20231101 15:26:58.024" level="INFO">Releasing special key BACKSPACE.</msg>
<msg timestamp="20231101 15:26:58.024" level="INFO">Releasing special key BACKSPACE.</msg>
<msg timestamp="20231101 15:26:58.024" level="INFO">Releasing special key BACKSPACE.</msg>
<msg timestamp="20231101 15:26:58.024" level="INFO">Releasing special key BACKSPACE.</msg>
<msg timestamp="20231101 15:26:58.024" level="INFO">Releasing special key BACKSPACE.</msg>
<status status="PASS" starttime="20231101 15:26:57.734" endtime="20231101 15:26:58.047"/>
</kw>
<kw name="Press Keys" library="SeleniumLibrary">
<arg>(//input[@placeholder='yyyy-mm-dd'])[2]</arg>
<arg>${DELETE}</arg>
<doc>Simulates the user pressing key(s) to an element or on the active browser.</doc>
<msg timestamp="20231101 15:26:58.047" level="INFO">Sending key(s) ('BACKSPACE+BACKSPACE+BACKSPACE+BACKSPACE+BACKSPACE+BACKSPACE+BACKSPACE+BACKSPACE+BACKSPACE+BACKSPACE+BACKSPACE+BACKSPACE+BACKSPACE+BACKSPACE+BACKSPACE+BACKSPACE+BACKSPACE+BACKSPACE+BACKSPACE+BACKSPACE',) to (//input[@placeholder='yyyy-mm-dd'])[2] element.</msg>
<msg timestamp="20231101 15:26:58.352" level="INFO">Pressing special key BACKSPACE down.</msg>
<msg timestamp="20231101 15:26:58.352" level="INFO">Pressing special key BACKSPACE down.</msg>
<msg timestamp="20231101 15:26:58.352" level="INFO">Pressing special key BACKSPACE down.</msg>
<msg timestamp="20231101 15:26:58.352" level="INFO">Pressing special key BACKSPACE down.</msg>
<msg timestamp="20231101 15:26:58.352" level="INFO">Pressing special key BACKSPACE down.</msg>
<msg timestamp="20231101 15:26:58.352" level="INFO">Pressing special key BACKSPACE down.</msg>
<msg timestamp="20231101 15:26:58.352" level="INFO">Pressing special key BACKSPACE down.</msg>
<msg timestamp="20231101 15:26:58.352" level="INFO">Pressing special key BACKSPACE down.</msg>
<msg timestamp="20231101 15:26:58.352" level="INFO">Pressing special key BACKSPACE down.</msg>
<msg timestamp="20231101 15:26:58.352" level="INFO">Pressing special key BACKSPACE down.</msg>
<msg timestamp="20231101 15:26:58.352" level="INFO">Pressing special key BACKSPACE down.</msg>
<msg timestamp="20231101 15:26:58.352" level="INFO">Pressing special key BACKSPACE down.</msg>
<msg timestamp="20231101 15:26:58.352" level="INFO">Pressing special key BACKSPACE down.</msg>
<msg timestamp="20231101 15:26:58.352" level="INFO">Pressing special key BACKSPACE down.</msg>
<msg timestamp="20231101 15:26:58.352" level="INFO">Pressing special key BACKSPACE down.</msg>
<msg timestamp="20231101 15:26:58.352" level="INFO">Pressing special key BACKSPACE down.</msg>
<msg timestamp="20231101 15:26:58.352" level="INFO">Pressing special key BACKSPACE down.</msg>
<msg timestamp="20231101 15:26:58.352" level="INFO">Pressing special key BACKSPACE down.</msg>
<msg timestamp="20231101 15:26:58.352" level="INFO">Pressing special key BACKSPACE down.</msg>
<msg timestamp="20231101 15:26:58.352" level="INFO">Pressing special key BACKSPACE down.</msg>
<msg timestamp="20231101 15:26:58.352" level="INFO">Releasing special key BACKSPACE.</msg>
<msg timestamp="20231101 15:26:58.352" level="INFO">Releasing special key BACKSPACE.</msg>
<msg timestamp="20231101 15:26:58.352" level="INFO">Releasing special key BACKSPACE.</msg>
<msg timestamp="20231101 15:26:58.352" level="INFO">Releasing special key BACKSPACE.</msg>
<msg timestamp="20231101 15:26:58.352" level="INFO">Releasing special key BACKSPACE.</msg>
<msg timestamp="20231101 15:26:58.352" level="INFO">Releasing special key BACKSPACE.</msg>
<msg timestamp="20231101 15:26:58.352" level="INFO">Releasing special key BACKSPACE.</msg>
<msg timestamp="20231101 15:26:58.352" level="INFO">Releasing special key BACKSPACE.</msg>
<msg timestamp="20231101 15:26:58.352" level="INFO">Releasing special key BACKSPACE.</msg>
<msg timestamp="20231101 15:26:58.352" level="INFO">Releasing special key BACKSPACE.</msg>
<msg timestamp="20231101 15:26:58.352" level="INFO">Releasing special key BACKSPACE.</msg>
<msg timestamp="20231101 15:26:58.352" level="INFO">Releasing special key BACKSPACE.</msg>
<msg timestamp="20231101 15:26:58.352" level="INFO">Releasing special key BACKSPACE.</msg>
<msg timestamp="20231101 15:26:58.352" level="INFO">Releasing special key BACKSPACE.</msg>
<msg timestamp="20231101 15:26:58.352" level="INFO">Releasing special key BACKSPACE.</msg>
<msg timestamp="20231101 15:26:58.352" level="INFO">Releasing special key BACKSPACE.</msg>
<msg timestamp="20231101 15:26:58.352" level="INFO">Releasing special key BACKSPACE.</msg>
<msg timestamp="20231101 15:26:58.352" level="INFO">Releasing special key BACKSPACE.</msg>
<msg timestamp="20231101 15:26:58.352" level="INFO">Releasing special key BACKSPACE.</msg>
<msg timestamp="20231101 15:26:58.352" level="INFO">Releasing special key BACKSPACE.</msg>
<status status="PASS" starttime="20231101 15:26:58.047" endtime="20231101 15:26:58.396"/>
</kw>
<kw name="Sleep" library="BuiltIn">
<arg>4s</arg>
<doc>Pauses the test executed for the given time.</doc>
<msg timestamp="20231101 15:27:02.396" level="INFO">Slept 4 seconds</msg>
<status status="PASS" starttime="20231101 15:26:58.396" endtime="20231101 15:27:02.396"/>
</kw>
<status status="PASS" starttime="20231101 15:26:54.176" endtime="20231101 15:27:02.396"/>
</kw>
<kw name="Primeiro Nome" library="common_keywords">
<kw name="First Name Male" library="FakerLibrary">
<var>${NOME}</var>
<msg timestamp="20231101 15:27:02.397" level="INFO">${NOME} = Samuel</msg>
<status status="PASS" starttime="20231101 15:27:02.397" endtime="20231101 15:27:02.397"/>
</kw>
<kw name="Input Text" library="SeleniumLibrary">
<arg>//input[@name='firstName']</arg>
<arg>${NOME}</arg>
<doc>Types the given ``text`` into the text field identified by ``locator``.</doc>
<msg timestamp="20231101 15:27:02.397" level="INFO">Typing text 'Samuel' into text field '//input[@name='firstName']'.</msg>
<status status="PASS" starttime="20231101 15:27:02.397" endtime="20231101 15:27:02.496"/>
</kw>
<status status="PASS" starttime="20231101 15:27:02.397" endtime="20231101 15:27:02.497"/>
</kw>
<kw name="Nome do Meio" library="common_keywords">
<kw name="Last Name" library="FakerLibrary">
<var>${NOME}</var>
<msg timestamp="20231101 15:27:02.497" level="INFO">${NOME} = Barros</msg>
<status status="PASS" starttime="20231101 15:27:02.497" endtime="20231101 15:27:02.497"/>
</kw>
<kw name="Input Text" library="SeleniumLibrary">
<arg>//input[@name='middleName']</arg>
<arg>${NOME}</arg>
<doc>Types the given ``text`` into the text field identified by ``locator``.</doc>
<msg timestamp="20231101 15:27:02.498" level="INFO">Typing text 'Barros' into text field '//input[@name='middleName']'.</msg>
<status status="PASS" starttime="20231101 15:27:02.497" endtime="20231101 15:27:02.614"/>
</kw>
<status status="PASS" starttime="20231101 15:27:02.497" endtime="20231101 15:27:02.614"/>
</kw>
<kw name="Ultimo Nome" library="common_keywords">
<kw name="Last Name" library="FakerLibrary">
<var>${NOME}</var>
<msg timestamp="20231101 15:27:02.615" level="INFO">${NOME} = Araújo</msg>
<status status="PASS" starttime="20231101 15:27:02.615" endtime="20231101 15:27:02.615"/>
</kw>
<kw name="Input Text" library="SeleniumLibrary">
<arg>//input[@name='lastName']</arg>
<arg>${NOME}</arg>
<doc>Types the given ``text`` into the text field identified by ``locator``.</doc>
<msg timestamp="20231101 15:27:02.616" level="INFO">Typing text 'Araújo' into text field '//input[@name='lastName']'.</msg>
<status status="PASS" starttime="20231101 15:27:02.615" endtime="20231101 15:27:02.721"/>
</kw>
<status status="PASS" starttime="20231101 15:27:02.615" endtime="20231101 15:27:02.721"/>
</kw>
<kw name="Nickname" library="common_keywords">
<kw name="User Name" library="FakerLibrary">
<var>${NOME}</var>
<msg timestamp="20231101 15:27:02.722" level="INFO">${NOME} = pedro-henrique73</msg>
<status status="PASS" starttime="20231101 15:27:02.722" endtime="20231101 15:27:02.722"/>
</kw>
<kw name="Input Text" library="SeleniumLibrary">
<arg>(//input[contains(@class,'oxd-input oxd-input--active')])[4]</arg>
<arg>${NOME}</arg>
<doc>Types the given ``text`` into the text field identified by ``locator``.</doc>
<msg timestamp="20231101 15:27:02.724" level="INFO">Typing text 'pedro-henrique73' into text field '(//input[contains(@class,'oxd-input oxd-input--active')])[4]'.</msg>
<status status="PASS" starttime="20231101 15:27:02.722" endtime="20231101 15:27:02.857"/>
</kw>
<status status="PASS" starttime="20231101 15:27:02.721" endtime="20231101 15:27:02.858"/>
</kw>
<kw name="ID de Funcionário" library="common_keywords">
<kw name="Random Number" library="FakerLibrary">
<var>${ID}</var>
<arg>digits=5</arg>
<doc>Generate a random integer according to the following rules:</doc>
<msg timestamp="20231101 15:27:02.859" level="INFO">${ID} = 77504</msg>
<status status="PASS" starttime="20231101 15:27:02.858" endtime="20231101 15:27:02.859"/>
</kw>
<kw name="Input Text" library="SeleniumLibrary">
<arg>(//input[contains(@class,'oxd-input oxd-input--active')])[5]</arg>
<arg>${ID}</arg>
<doc>Types the given ``text`` into the text field identified by ``locator``.</doc>
<msg timestamp="20231101 15:27:02.860" level="INFO">Typing text '77504' into text field '(//input[contains(@class,'oxd-input oxd-input--active')])[5]'.</msg>
<status status="PASS" starttime="20231101 15:27:02.859" endtime="20231101 15:27:02.945"/>
</kw>
<status status="PASS" starttime="20231101 15:27:02.858" endtime="20231101 15:27:02.945"/>
</kw>
<kw name="Outro ID" library="common_keywords">
<kw name="Random Number" library="FakerLibrary">
<var>${ID}</var>
<arg>digits=5</arg>
<doc>Generate a random integer according to the following rules:</doc>
<msg timestamp="20231101 15:27:02.947" level="INFO">${ID} = 67818</msg>
<status status="PASS" starttime="20231101 15:27:02.946" endtime="20231101 15:27:02.947"/>
</kw>
<kw name="Input Text" library="SeleniumLibrary">
<arg>(//input[contains(@class,'oxd-input oxd-input--active')])[6]</arg>
<arg>${ID}</arg>
<doc>Types the given ``text`` into the text field identified by ``locator``.</doc>
<msg timestamp="20231101 15:27:02.947" level="INFO">Typing text '67818' into text field '(//input[contains(@class,'oxd-input oxd-input--active')])[6]'.</msg>
<status status="PASS" starttime="20231101 15:27:02.947" endtime="20231101 15:27:03.030"/>
</kw>
<status status="PASS" starttime="20231101 15:27:02.945" endtime="20231101 15:27:03.030"/>
</kw>
<kw name="CNH" library="common_keywords">
<kw name="Random Number" library="FakerLibrary">
<var>${CNH}</var>
<arg>digits=9</arg>
<doc>Generate a random integer according to the following rules:</doc>
<msg timestamp="20231101 15:27:03.032" level="INFO">${CNH} = 105855879</msg>
<status status="PASS" starttime="20231101 15:27:03.030" endtime="20231101 15:27:03.032"/>
</kw>
<kw name="Input Text" library="SeleniumLibrary">
<arg>(//input[contains(@class,'oxd-input oxd-input--active')])[7]</arg>
<arg>${CNH}</arg>
<doc>Types the given ``text`` into the text field identified by ``locator``.</doc>
<msg timestamp="20231101 15:27:03.033" level="INFO">Typing text '105855879' into text field '(//input[contains(@class,'oxd-input oxd-input--active')])[7]'.</msg>
<status status="PASS" starttime="20231101 15:27:03.033" endtime="20231101 15:27:03.145"/>
</kw>
<status status="PASS" starttime="20231101 15:27:03.030" endtime="20231101 15:27:03.146"/>
</kw>
<kw name="Vencimento da CNH" library="common_keywords">
<kw name="Future Date" library="FakerLibrary">
<var>${DATA}</var>
<doc>Get a Date object based on a random date between 1 day from now and a
given date.
Accepts date strings that can be recognized by strtotime().</doc>
<msg timestamp="20231101 15:27:03.148" level="INFO">${DATA} = 2023-11-09</msg>
<status status="PASS" starttime="20231101 15:27:03.146" endtime="20231101 15:27:03.148"/>
</kw>
<kw name="Input Text" library="SeleniumLibrary">
<arg>(//input[@placeholder='yyyy-mm-dd'])[1]</arg>
<arg>${DATA}</arg>
<doc>Types the given ``text`` into the text field identified by ``locator``.</doc>
<msg timestamp="20231101 15:27:03.149" level="INFO">Typing text '2023-11-09' into text field '(//input[@placeholder='yyyy-mm-dd'])[1]'.</msg>
<status status="PASS" starttime="20231101 15:27:03.148" endtime="20231101 15:27:03.240"/>
</kw>
<status status="PASS" starttime="20231101 15:27:03.146" endtime="20231101 15:27:03.240"/>
</kw>
<kw name="Número da SSN" library="common_keywords">
<kw name="Cpf" library="FakerLibrary">
<var>${SSN}</var>
<msg timestamp="20231101 15:27:03.242" level="INFO">${SSN} = 689.014.572-02</msg>
<status status="PASS" starttime="20231101 15:27:03.242" endtime="20231101 15:27:03.242"/>
</kw>
<kw name="Input Text" library="SeleniumLibrary">
<arg>(//input[contains(@class,'oxd-input oxd-input--active')])[9]</arg>
<arg>${SSN}</arg>
<doc>Types the given ``text`` into the text field identified by ``locator``.</doc>
<msg timestamp="20231101 15:27:03.243" level="INFO">Typing text '689.014.572-02' into text field '(//input[contains(@class,'oxd-input oxd-input--active')])[9]'.</msg>
<status status="PASS" starttime="20231101 15:27:03.243" endtime="20231101 15:27:03.376"/>
</kw>
<status status="PASS" starttime="20231101 15:27:03.242" endtime="20231101 15:27:03.376"/>
</kw>
<kw name="Número da SIN" library="common_keywords">
<kw name="Cnpj" library="FakerLibrary">
<var>${SIN}</var>
<msg timestamp="20231101 15:27:03.376" level="INFO">${SIN} = 61.295.837/0001-08</msg>
<status status="PASS" starttime="20231101 15:27:03.376" endtime="20231101 15:27:03.377"/>
</kw>
<kw name="Input Text" library="SeleniumLibrary">
<arg>(//input[contains(@class,'oxd-input oxd-input--active')])[10]</arg>
<arg>${SIN}</arg>
<doc>Types the given ``text`` into the text field identified by ``locator``.</doc>
<msg timestamp="20231101 15:27:03.377" level="INFO">Typing text '61.295.837/0001-08' into text field '(//input[contains(@class,'oxd-input oxd-input--active')])[10]'.</msg>
<status status="PASS" starttime="20231101 15:27:03.377" endtime="20231101 15:27:03.523"/>
</kw>
<kw name="Press Keys" library="SeleniumLibrary">
<arg>//label[@class='oxd-label'][contains(.,'License Expiry Date')]</arg>
<arg>${SCROLL}</arg>
<doc>Simulates the user pressing key(s) to an element or on the active browser.</doc>
<msg timestamp="20231101 15:27:03.524" level="INFO">Sending key(s) ('ARROW_DOWN+ARROW_DOWN',) to //label[@class='oxd-label'][contains(.,'License Expiry Date')] element.</msg>
<msg timestamp="20231101 15:27:03.807" level="INFO">Pressing special key ARROW_DOWN down.</msg>
<msg timestamp="20231101 15:27:03.807" level="INFO">Pressing special key ARROW_DOWN down.</msg>
<msg timestamp="20231101 15:27:03.807" level="INFO">Releasing special key ARROW_DOWN.</msg>
<msg timestamp="20231101 15:27:03.807" level="INFO">Releasing special key ARROW_DOWN.</msg>
<status status="PASS" starttime="20231101 15:27:03.523" endtime="20231101 15:27:03.814"/>
</kw>
<kw name="Sleep" library="BuiltIn">
<arg>2s</arg>
<doc>Pauses the test executed for the given time.</doc>
<msg timestamp="20231101 15:27:05.814" level="INFO">Slept 2 seconds</msg>
<status status="PASS" starttime="20231101 15:27:03.814" endtime="20231101 15:27:05.814"/>
</kw>
<status status="PASS" starttime="20231101 15:27:03.376" endtime="20231101 15:27:05.814"/>
</kw>
<kw name="Nacionalidade" library="common_keywords">
<kw name="Click Element" library="SeleniumLibrary">
<arg>(//div[@clear='false'])[1]</arg>
<doc>Click the element identified by ``locator``.</doc>
<msg timestamp="20231101 15:27:05.815" level="INFO">Clicking element '(//div[@clear='false'])[1]'.</msg>
<status status="PASS" starttime="20231101 15:27:05.814" endtime="20231101 15:27:05.870"/>
</kw>
<kw name="Wait Until Element Is Visible" library="SeleniumLibrary">
<arg>//div[@role='option'][contains(.,'Brazilian')]</arg>
<doc>Waits until the element ``locator`` is visible.</doc>
<status status="PASS" starttime="20231101 15:27:05.870" endtime="20231101 15:27:05.894"/>
</kw>
<kw name="Click Element" library="SeleniumLibrary">
<arg>//div[@role='option'][contains(.,'Brazilian')]</arg>
<doc>Click the element identified by ``locator``.</doc>
<msg timestamp="20231101 15:27:05.894" level="INFO">Clicking element '//div[@role='option'][contains(.,'Brazilian')]'.</msg>
<status status="PASS" starttime="20231101 15:27:05.894" endtime="20231101 15:27:05.952"/>
</kw>
<status status="PASS" starttime="20231101 15:27:05.814" endtime="20231101 15:27:05.952"/>
</kw>
<kw name="Estado Civil" library="common_keywords">
<kw name="Click Element" library="SeleniumLibrary">
<arg>(//div[@clear='false'])[2]</arg>
<doc>Click the element identified by ``locator``.</doc>
<msg timestamp="20231101 15:27:05.953" level="INFO">Clicking element '(//div[@clear='false'])[2]'.</msg>
<status status="PASS" starttime="20231101 15:27:05.953" endtime="20231101 15:27:05.989"/>
</kw>
<kw name="Wait Until Element Is Visible" library="SeleniumLibrary">
<arg>//div[@role='option'][contains(.,'Other')]</arg>
<doc>Waits until the element ``locator`` is visible.</doc>
<status status="PASS" starttime="20231101 15:27:05.989" endtime="20231101 15:27:06.009"/>
</kw>
<kw name="Click Element" library="SeleniumLibrary">
<arg>//div[@role='option'][contains(.,'Other')]</arg>
<doc>Click the element identified by ``locator``.</doc>
<msg timestamp="20231101 15:27:06.009" level="INFO">Clicking element '//div[@role='option'][contains(.,'Other')]'.</msg>
<status status="PASS" starttime="20231101 15:27:06.009" endtime="20231101 15:27:06.049"/>
</kw>
<kw name="Sleep" library="BuiltIn">
<arg>4s</arg>
<doc>Pauses the test executed for the given time.</doc>
<msg timestamp="20231101 15:27:10.051" level="INFO">Slept 4 seconds</msg>
<status status="PASS" starttime="20231101 15:27:06.049" endtime="20231101 15:27:10.051"/>
</kw>
<status status="PASS" starttime="20231101 15:27:05.952" endtime="20231101 15:27:10.051"/>
</kw>
<kw name="Data de Nascimento" library="common_keywords">
<kw name="Past Date" library="FakerLibrary">
<var>${DATA}</var>
<doc>Get a Date object based on a random date between a given date and 1 day
ago.
Accepts date strings that can be recognized by strtotime().</doc>
<msg timestamp="20231101 15:27:10.051" level="INFO">${DATA} = 2023-10-08</msg>
<status status="PASS" starttime="20231101 15:27:10.051" endtime="20231101 15:27:10.052"/>
</kw>
<kw name="Input Text" library="SeleniumLibrary">
<arg>(//input[@placeholder='yyyy-mm-dd'])[2]</arg>
<arg>${DATA}</arg>
<doc>Types the given ``text`` into the text field identified by ``locator``.</doc>
<msg timestamp="20231101 15:27:10.052" level="INFO">Typing text '2023-10-08' into text field '(//input[@placeholder='yyyy-mm-dd'])[2]'.</msg>
<status status="PASS" starttime="20231101 15:27:10.052" endtime="20231101 15:27:10.126"/>
</kw>
<status status="PASS" starttime="20231101 15:27:10.051" endtime="20231101 15:27:10.126"/>
</kw>
<kw name="Genero" library="common_keywords">
<kw name="Click Element" library="SeleniumLibrary">
<arg>//label[contains(.,'Male')]</arg>
<doc>Click the element identified by ``locator``.</doc>
<msg timestamp="20231101 15:27:10.127" level="INFO">Clicking element '//label[contains(.,'Male')]'.</msg>
<status status="PASS" starttime="20231101 15:27:10.127" endtime="20231101 15:27:10.169"/>
</kw>
<kw name="Press Keys" library="SeleniumLibrary">
<arg>//label[@class='oxd-label'][contains(.,'License Expiry Date')]</arg>
<arg>${SCROLL}</arg>
<doc>Simulates the user pressing key(s) to an element or on the active browser.</doc>
<msg timestamp="20231101 15:27:10.170" level="INFO">Sending key(s) ('ARROW_DOWN+ARROW_DOWN',) to //label[@class='oxd-label'][contains(.,'License Expiry Date')] element.</msg>
<msg timestamp="20231101 15:27:10.457" level="INFO">Pressing special key ARROW_DOWN down.</msg>
<msg timestamp="20231101 15:27:10.458" level="INFO">Pressing special key ARROW_DOWN down.</msg>
<msg timestamp="20231101 15:27:10.458" level="INFO">Releasing special key ARROW_DOWN.</msg>
<msg timestamp="20231101 15:27:10.458" level="INFO">Releasing special key ARROW_DOWN.</msg>
<status status="PASS" starttime="20231101 15:27:10.169" endtime="20231101 15:27:10.465"/>
</kw>
<status status="PASS" starttime="20231101 15:27:10.127" endtime="20231101 15:27:10.465"/>
</kw>
<kw name="Serviço Militar" library="common_keywords">
<kw name="Random Number" library="FakerLibrary">
<var>${MILIT}</var>
<arg>digits=9</arg>
<doc>Generate a random integer according to the following rules:</doc>
<msg timestamp="20231101 15:27:10.466" level="INFO">${MILIT} = 815877475</msg>
<status status="PASS" starttime="20231101 15:27:10.465" endtime="20231101 15:27:10.466"/>
</kw>
<kw name="Input Text" library="SeleniumLibrary">
<arg>(//input[contains(@class,'oxd-input oxd-input--active')])[13]</arg>
<arg>${MILIT}</arg>
<doc>Types the given ``text`` into the text field identified by ``locator``.</doc>
<msg timestamp="20231101 15:27:10.466" level="INFO">Typing text '815877475' into text field '(//input[contains(@class,'oxd-input oxd-input--active')])[13]'.</msg>
<status status="PASS" starttime="20231101 15:27:10.466" endtime="20231101 15:27:10.573"/>
</kw>
<status status="PASS" starttime="20231101 15:27:10.465" endtime="20231101 15:27:10.573"/>
</kw>
<kw name="Fumante" library="common_keywords">
<kw name="Click Element" library="SeleniumLibrary">
<arg>//label[contains(.,'Yes')]</arg>
<doc>Click the element identified by ``locator``.</doc>
<msg timestamp="20231101 15:27:10.574" level="INFO">Clicking element '//label[contains(.,'Yes')]'.</msg>
<status status="PASS" starttime="20231101 15:27:10.573" endtime="20231101 15:27:10.620"/>
</kw>
<kw name="Press Keys" library="SeleniumLibrary">
<arg>//label[@class='oxd-label'][contains(.,'License Expiry Date')]</arg>
<arg>${SCROLL}</arg>
<doc>Simulates the user pressing key(s) to an element or on the active browser.</doc>
<msg timestamp="20231101 15:27:10.620" level="INFO">Sending key(s) ('ARROW_DOWN+ARROW_DOWN',) to //label[@class='oxd-label'][contains(.,'License Expiry Date')] element.</msg>
<msg timestamp="20231101 15:27:10.908" level="INFO">Pressing special key ARROW_DOWN down.</msg>
<msg timestamp="20231101 15:27:10.908" level="INFO">Pressing special key ARROW_DOWN down.</msg>
<msg timestamp="20231101 15:27:10.908" level="INFO">Releasing special key ARROW_DOWN.</msg>
<msg timestamp="20231101 15:27:10.908" level="INFO">Releasing special key ARROW_DOWN.</msg>
<status status="PASS" starttime="20231101 15:27:10.620" endtime="20231101 15:27:10.914"/>
</kw>
<status status="PASS" starttime="20231101 15:27:10.573" endtime="20231101 15:27:10.914"/>
</kw>
<kw name="Tipo Sanguineo" library="common_keywords">
<kw name="Click Element" library="SeleniumLibrary">
<arg>(//div[contains(@class,'oxd-select-text-input')])[3]</arg>
<doc>Click the element identified by ``locator``.</doc>
<msg timestamp="20231101 15:27:10.915" level="INFO">Clicking element '(//div[contains(@class,'oxd-select-text-input')])[3]'.</msg>
<status status="PASS" starttime="20231101 15:27:10.915" endtime="20231101 15:27:10.966"/>
</kw>
<kw name="Wait Until Element Is Visible" library="SeleniumLibrary">
<arg>//span[contains(.,'A+')]</arg>
<doc>Waits until the element ``locator`` is visible.</doc>
<msg timestamp="20231101 15:27:16.292" level="INFO" html="true">&lt;/td&gt;&lt;/tr&gt;&lt;tr&gt;&lt;td colspan="3"&gt;&lt;a href="selenium-screenshot-6.png"&gt;&lt;img src="selenium-screenshot-6.png" width="800px"&gt;&lt;/a&gt;</msg>
<msg timestamp="20231101 15:27:16.293" level="FAIL">Element '//span[contains(.,'A+')]' not visible after 5 seconds.</msg>
<status status="FAIL" starttime="20231101 15:27:10.966" endtime="20231101 15:27:16.295"/>
</kw>
<kw name="Press Keys" library="SeleniumLibrary">
<arg>//label[@class='oxd-label'][contains(.,'License Expiry Date')]</arg>
<arg>${SCROLL}</arg>
<doc>Simulates the user pressing key(s) to an element or on the active browser.</doc>
<status status="NOT RUN" starttime="20231101 15:27:16.295" endtime="20231101 15:27:16.295"/>
</kw>
<kw name="Sleep" library="BuiltIn">
<arg>5s</arg>
<doc>Pauses the test executed for the given time.</doc>
<status status="NOT RUN" starttime="20231101 15:27:16.295" endtime="20231101 15:27:16.295"/>
</kw>
<status status="FAIL" starttime="20231101 15:27:10.915" endtime="20231101 15:27:16.295"/>
</kw>
<status status="FAIL" starttime="20231101 15:26:31.516" endtime="20231101 15:27:16.296">Element '//span[contains(.,'A+')]' not visible after 5 seconds.</status>
</test>
<status status="FAIL" starttime="20231101 15:26:30.965" endtime="20231101 15:27:16.297"/>
</suite>
<statistics>
<total>
<stat pass="0" fail="1" skip="0">All Tests</stat>
</total>
<tag>
</tag>
<suite>
<stat pass="0" fail="1" skip="0" id="s1" name="Alterarinfo">Alterarinfo</stat>
</suite>
</statistics>
<errors>
<msg timestamp="20231101 15:26:31.509" level="ERROR">Error in file 'C:\Users\thiag\OneDrive\Documentos\GitHub\testeprime\TestePrimeWeb\common_keywords.robot' on line 143: Creating keyword 'Adicionar Anexo' failed: User keyword cannot be empty.</msg>
<msg timestamp="20231101 15:26:31.509" level="ERROR">Error in file 'C:\Users\thiag\OneDrive\Documentos\GitHub\testeprime\TestePrimeWeb\common_keywords.robot' on line 146: Creating keyword 'Salvar' failed: User keyword cannot be empty.</msg>
</errors>
</robot>
